<?xml version="1.0" encoding="UTF-8"?>
<!-- Generated by org.testng.reporters.JUnitReportReporter -->
<testsuite hostname="Suyen" failures="0" tests="1" name="currencyConversionTests.conversionTests" time="20.454" errors="0" timestamp="2022-03-19T02:34:21 BDT" skipped="0">
  <testcase classname="currencyConversionTests.conversionTests" name="currencyTests" time="20.454"/>
  <system-out/>
</testsuite> <!-- currencyConversionTests.conversionTests -->
