<?xml version="1.0" encoding="UTF-8"?>
<!-- Generated by org.testng.reporters.JUnitReportReporter -->
<testsuite hostname="Suyen" failures="0" tests="1" name="currencyConversionTests.conversionTests" time="32.487" errors="0" timestamp="2022-03-20T15:43:08 BDT" skipped="0">
  <testcase classname="currencyConversionTests.conversionTests" name="currencyTests" time="32.487"/>
  <system-out/>
</testsuite> <!-- currencyConversionTests.conversionTests -->
