<?xml version="1.0" encoding="UTF-8"?>
<!-- Generated by org.testng.reporters.JUnitReportReporter -->
<testsuite hostname="Suyen" failures="0" tests="1" name="currencyConversionTests.conversionTests" time="29.425" errors="0" timestamp="2022-03-20T17:38:31 BDT" skipped="0">
  <testcase classname="currencyConversionTests.conversionTests" name="currencyTests" time="29.425"/>
  <system-out/>
</testsuite> <!-- currencyConversionTests.conversionTests -->
